#-----------------------------------------------------------
# Vivado v2018.3 (64-bit)
# SW Build 2405991 on Thu Dec  6 23:38:27 MST 2018
# IP Build 2404404 on Fri Dec  7 01:43:56 MST 2018
# Start of session at: Sun Nov 13 16:46:00 2022
# Process ID: 24552
# Current directory: C:/Users/86191/Desktop/protect_cpu
# Command line: vivado.exe -gui_launcher_event rodinguilauncherevent25056 C:\Users\86191\Desktop\protect_cpu\protect_cpu.xpr
# Log file: C:/Users/86191/Desktop/protect_cpu/vivado.log
# Journal file: C:/Users/86191/Desktop/protect_cpu\vivado.jou
#-----------------------------------------------------------
start_gui
open_project C:/Users/86191/Desktop/protect_cpu/protect_cpu.xpr
Scanning sources...
Finished scanning sources
INFO: [IP_Flow 19-234] Refreshing IP repositories
INFO: [IP_Flow 19-1704] No user IP repositories specified
INFO: [IP_Flow 19-2313] Loaded Vivado IP repository 'D:/Vivado/2018.3/data/ip'.
open_project: Time (s): cpu = 00:00:14 ; elapsed = 00:00:07 . Memory (MB): peak = 813.469 ; gain = 168.930
update_compile_order -fileset sources_1
exit
INFO: [Common 17-206] Exiting Vivado at Sun Nov 13 16:47:06 2022...
