#-----------------------------------------------------------
# Vivado v2018.1 (64-bit)
# SW Build 2188600 on Wed Apr  4 18:40:38 MDT 2018
# IP Build 2185939 on Wed Apr  4 20:55:05 MDT 2018
# Start of session at: Sun Nov 13 16:52:36 2022
# Process ID: 12340
# Current directory: D:/xiandeshiyan/protect_cpu
# Command line: vivado.exe -gui_launcher_event rodinguilauncherevent9816 D:\xiandeshiyan\protect_cpu\protect_cpu.xpr
# Log file: D:/xiandeshiyan/protect_cpu/vivado.log
# Journal file: D:/xiandeshiyan/protect_cpu\vivado.jou
#-----------------------------------------------------------
start_gui
open_project D:/xiandeshiyan/protect_cpu/protect_cpu.xpr
INFO: [Project 1-313] Project file moved from 'C:/Users/86191/Desktop/protect_cpu' since last save.
Scanning sources...
Finished scanning sources
CRITICAL WARNING: [Project 1-505] Unrecognized Option Name MEMEnableMemoryMapGeneration
WARNING: [Project 1-231] Project 'protect_cpu.xpr' was created with a future version and may or may not perform reliably with this version of Vivado. It has been opened in read-only mode for the protection of unrecognized data. Use 'File | Save Project As...' if you wish to alter a copy of the project.
INFO: [IP_Flow 19-234] Refreshing IP repositories
INFO: [IP_Flow 19-1704] No user IP repositories specified
INFO: [IP_Flow 19-2313] Loaded Vivado IP repository 'D:/Vivado/2018.1/data/ip'.
open_project: Time (s): cpu = 00:00:12 ; elapsed = 00:00:09 . Memory (MB): peak = 836.297 ; gain = 95.906
update_compile_order -fileset sources_1
exit
INFO: [Common 17-206] Exiting Vivado at Mon Nov 21 14:54:28 2022...
