
*** Running vivado
    with args -log display.vds -m64 -product Vivado -mode batch -messageDb vivado.pb -notrace -source display.tcl


****** Vivado v2018.1 (64-bit)
  **** SW Build 2188600 on Wed Apr  4 18:40:38 MDT 2018
  **** IP Build 2185939 on Wed Apr  4 20:55:05 MDT 2018
    ** Copyright 1986-2018 Xilinx, Inc. All Rights Reserved.

source display.tcl -notrace
Command: synth_design -top display -part xc7a35tcpg236-1
Starting synth_design
Attempting to get a license for feature 'Synthesis' and/or device 'xc7a35t'
INFO: [Common 17-349] Got license for feature 'Synthesis' and/or device 'xc7a35t'
INFO: Launching helper process for spawning children vivado processes
INFO: Helper process launched with PID 41388 
---------------------------------------------------------------------------------
Starting RTL Elaboration : Time (s): cpu = 00:00:06 ; elapsed = 00:00:06 . Memory (MB): peak = 416.762 ; gain = 96.734
---------------------------------------------------------------------------------
INFO: [Synth 8-6157] synthesizing module 'display' [D:/CPU_single_circle3/CPU_single_circle3.srcs/sources_1/new/display.v:3]
INFO: [Synth 8-6157] synthesizing module 'CPU' [D:/CPU_single_circle3/CPU_single_circle3.srcs/sources_1/new/CPU.v:2]
INFO: [Synth 8-6157] synthesizing module 'Adder' [D:/CPU_single_circle3/CPU_single_circle3.srcs/sources_1/new/Adder.v:4]
	Parameter width bound to: 32 - type: integer 
INFO: [Synth 8-6155] done synthesizing module 'Adder' (1#1) [D:/CPU_single_circle3/CPU_single_circle3.srcs/sources_1/new/Adder.v:4]
INFO: [Synth 8-6157] synthesizing module 'Mulx' [D:/CPU_single_circle3/CPU_single_circle3.srcs/sources_1/new/Mulx.v:4]
	Parameter width bound to: 32 - type: integer 
INFO: [Synth 8-6155] done synthesizing module 'Mulx' (2#1) [D:/CPU_single_circle3/CPU_single_circle3.srcs/sources_1/new/Mulx.v:4]
INFO: [Synth 8-6157] synthesizing module 'PC' [D:/CPU_single_circle3/CPU_single_circle3.srcs/sources_1/new/PC.v:2]
INFO: [Synth 8-6155] done synthesizing module 'PC' (3#1) [D:/CPU_single_circle3/CPU_single_circle3.srcs/sources_1/new/PC.v:2]
INFO: [Synth 8-6157] synthesizing module 'PCAdder4' [D:/CPU_single_circle3/CPU_single_circle3.srcs/sources_1/new/PCAdder4.v:2]
INFO: [Synth 8-6155] done synthesizing module 'PCAdder4' (4#1) [D:/CPU_single_circle3/CPU_single_circle3.srcs/sources_1/new/PCAdder4.v:2]
INFO: [Synth 8-6157] synthesizing module 'InsMem' [D:/CPU_single_circle3/CPU_single_circle3.srcs/sources_1/new/InsMem.v:2]
INFO: [Synth 8-3876] $readmem data file 'sort8.txt' is read successfully [D:/CPU_single_circle3/CPU_single_circle3.srcs/sources_1/new/InsMem.v:8]
INFO: [Synth 8-6155] done synthesizing module 'InsMem' (5#1) [D:/CPU_single_circle3/CPU_single_circle3.srcs/sources_1/new/InsMem.v:2]
INFO: [Synth 8-6157] synthesizing module 'Control' [D:/CPU_single_circle3/CPU_single_circle3.srcs/sources_1/new/Control.v:3]
	Parameter BEQ_op bound to: 6'b000100 
	Parameter BNE_op bound to: 6'b000101 
	Parameter ADDI_op bound to: 6'b001000 
	Parameter R_format_op bound to: 6'b000000 
	Parameter ADD_funct bound to: 6'b100000 
	Parameter SUB_funct bound to: 6'b100010 
	Parameter LW_op bound to: 6'b100011 
	Parameter SW_op bound to: 6'b101011 
	Parameter J_op bound to: 6'b000010 
	Parameter lw_op bound to: 2'b00 
	Parameter sw_op bound to: 2'b01 
	Parameter beq_op bound to: 2'b10 
	Parameter R_op bound to: 2'b11 
	Parameter ADDIU_op bound to: 6'b001001 
	Parameter JAL_op bound to: 6'b000011 
	Parameter SLTI_op bound to: 6'b001010 
WARNING: [Synth 8-3848] Net MemRead in module/entity Control does not have driver. [D:/CPU_single_circle3/CPU_single_circle3.srcs/sources_1/new/Control.v:9]
INFO: [Synth 8-6155] done synthesizing module 'Control' (6#1) [D:/CPU_single_circle3/CPU_single_circle3.srcs/sources_1/new/Control.v:3]
INFO: [Synth 8-6157] synthesizing module 'ALUControl' [D:/CPU_single_circle3/CPU_single_circle3.srcs/sources_1/new/ALUControl.v:3]
	Parameter lw_op bound to: 2'b00 
	Parameter sw_op bound to: 2'b01 
	Parameter beq_op bound to: 2'b10 
	Parameter R_op bound to: 2'b11 
	Parameter ADD bound to: 4'b0010 
	Parameter SUB bound to: 4'b0110 
	Parameter OR bound to: 4'b0001 
	Parameter ADD_funct bound to: 6'b100000 
	Parameter SUB_funct bound to: 6'b100010 
INFO: [Synth 8-226] default block is never used [D:/CPU_single_circle3/CPU_single_circle3.srcs/sources_1/new/ALUControl.v:22]
WARNING: [Synth 8-567] referenced signal 'funct' should be on the sensitivity list [D:/CPU_single_circle3/CPU_single_circle3.srcs/sources_1/new/ALUControl.v:21]
INFO: [Synth 8-6155] done synthesizing module 'ALUControl' (7#1) [D:/CPU_single_circle3/CPU_single_circle3.srcs/sources_1/new/ALUControl.v:3]
INFO: [Synth 8-6157] synthesizing module 'Registers' [D:/CPU_single_circle3/CPU_single_circle3.srcs/sources_1/new/Registers.v:3]
WARNING: [Synth 8-6104] Input port 'ra' has an internal driver [D:/CPU_single_circle3/CPU_single_circle3.srcs/sources_1/new/Registers.v:20]
INFO: [Synth 8-6155] done synthesizing module 'Registers' (8#1) [D:/CPU_single_circle3/CPU_single_circle3.srcs/sources_1/new/Registers.v:3]
INFO: [Synth 8-6157] synthesizing module 'ALU' [D:/CPU_single_circle3/CPU_single_circle3.srcs/sources_1/new/ALU.v:3]
	Parameter ADD bound to: 4'b0010 
	Parameter SUB bound to: 4'b0110 
	Parameter SLT bound to: 4'b1111 
	Parameter OR bound to: 4'b0001 
	Parameter JAL_op bound to: 6'b000011 
	Parameter R_op bound to: 6'b000000 
	Parameter slt_funct bound to: 6'b101010 
	Parameter sll_funct bound to: 6'b000000 
	Parameter SLTI_op bound to: 6'b001010 
	Parameter ADDU_funct bound to: 6'b100001 
WARNING: [Synth 8-567] referenced signal 'shamt' should be on the sensitivity list [D:/CPU_single_circle3/CPU_single_circle3.srcs/sources_1/new/ALU.v:29]
INFO: [Synth 8-6155] done synthesizing module 'ALU' (9#1) [D:/CPU_single_circle3/CPU_single_circle3.srcs/sources_1/new/ALU.v:3]
INFO: [Synth 8-6157] synthesizing module 'Mulx__parameterized0' [D:/CPU_single_circle3/CPU_single_circle3.srcs/sources_1/new/Mulx.v:4]
	Parameter width bound to: 2 - type: integer 
INFO: [Synth 8-6155] done synthesizing module 'Mulx__parameterized0' (9#1) [D:/CPU_single_circle3/CPU_single_circle3.srcs/sources_1/new/Mulx.v:4]
WARNING: [Synth 8-689] width (1) of port connection 'A' does not match port width (2) of module 'Mulx__parameterized0' [D:/CPU_single_circle3/CPU_single_circle3.srcs/sources_1/new/CPU.v:57]
WARNING: [Synth 8-689] width (1) of port connection 'B' does not match port width (2) of module 'Mulx__parameterized0' [D:/CPU_single_circle3/CPU_single_circle3.srcs/sources_1/new/CPU.v:57]
WARNING: [Synth 8-689] width (1) of port connection 'result' does not match port width (2) of module 'Mulx__parameterized0' [D:/CPU_single_circle3/CPU_single_circle3.srcs/sources_1/new/CPU.v:57]
INFO: [Synth 8-6157] synthesizing module 'DataMem' [D:/CPU_single_circle3/CPU_single_circle3.srcs/sources_1/new/DataMem.v:2]
INFO: [Synth 8-6155] done synthesizing module 'DataMem' (10#1) [D:/CPU_single_circle3/CPU_single_circle3.srcs/sources_1/new/DataMem.v:2]
WARNING: [Synth 8-3848] Net ra in module/entity CPU does not have driver. [D:/CPU_single_circle3/CPU_single_circle3.srcs/sources_1/new/CPU.v:26]
INFO: [Synth 8-6155] done synthesizing module 'CPU' (11#1) [D:/CPU_single_circle3/CPU_single_circle3.srcs/sources_1/new/CPU.v:2]
WARNING: [Synth 8-6014] Unused sequential element tt_reg was removed.  [D:/CPU_single_circle3/CPU_single_circle3.srcs/sources_1/new/display.v:38]
INFO: [Synth 8-6155] done synthesizing module 'display' (12#1) [D:/CPU_single_circle3/CPU_single_circle3.srcs/sources_1/new/display.v:3]
WARNING: [Synth 8-3331] design Control has unconnected port MemRead
---------------------------------------------------------------------------------
Finished RTL Elaboration : Time (s): cpu = 00:00:07 ; elapsed = 00:00:07 . Memory (MB): peak = 471.660 ; gain = 151.633
---------------------------------------------------------------------------------

Report Check Netlist: 
+------+------------------+-------+---------+-------+------------------+
|      |Item              |Errors |Warnings |Status |Description       |
+------+------------------+-------+---------+-------+------------------+
|1     |multi_driven_nets |      0|        0|Passed |Multi driven nets |
+------+------------------+-------+---------+-------+------------------+
WARNING: [Synth 8-3295] tying undriven pin r1:ra[31] to constant 0 [D:/CPU_single_circle3/CPU_single_circle3.srcs/sources_1/new/CPU.v:54]
WARNING: [Synth 8-3295] tying undriven pin r1:ra[30] to constant 0 [D:/CPU_single_circle3/CPU_single_circle3.srcs/sources_1/new/CPU.v:54]
WARNING: [Synth 8-3295] tying undriven pin r1:ra[29] to constant 0 [D:/CPU_single_circle3/CPU_single_circle3.srcs/sources_1/new/CPU.v:54]
WARNING: [Synth 8-3295] tying undriven pin r1:ra[28] to constant 0 [D:/CPU_single_circle3/CPU_single_circle3.srcs/sources_1/new/CPU.v:54]
WARNING: [Synth 8-3295] tying undriven pin r1:ra[27] to constant 0 [D:/CPU_single_circle3/CPU_single_circle3.srcs/sources_1/new/CPU.v:54]
WARNING: [Synth 8-3295] tying undriven pin r1:ra[26] to constant 0 [D:/CPU_single_circle3/CPU_single_circle3.srcs/sources_1/new/CPU.v:54]
WARNING: [Synth 8-3295] tying undriven pin r1:ra[25] to constant 0 [D:/CPU_single_circle3/CPU_single_circle3.srcs/sources_1/new/CPU.v:54]
WARNING: [Synth 8-3295] tying undriven pin r1:ra[24] to constant 0 [D:/CPU_single_circle3/CPU_single_circle3.srcs/sources_1/new/CPU.v:54]
WARNING: [Synth 8-3295] tying undriven pin r1:ra[23] to constant 0 [D:/CPU_single_circle3/CPU_single_circle3.srcs/sources_1/new/CPU.v:54]
WARNING: [Synth 8-3295] tying undriven pin r1:ra[22] to constant 0 [D:/CPU_single_circle3/CPU_single_circle3.srcs/sources_1/new/CPU.v:54]
WARNING: [Synth 8-3295] tying undriven pin r1:ra[21] to constant 0 [D:/CPU_single_circle3/CPU_single_circle3.srcs/sources_1/new/CPU.v:54]
WARNING: [Synth 8-3295] tying undriven pin r1:ra[20] to constant 0 [D:/CPU_single_circle3/CPU_single_circle3.srcs/sources_1/new/CPU.v:54]
WARNING: [Synth 8-3295] tying undriven pin r1:ra[19] to constant 0 [D:/CPU_single_circle3/CPU_single_circle3.srcs/sources_1/new/CPU.v:54]
WARNING: [Synth 8-3295] tying undriven pin r1:ra[18] to constant 0 [D:/CPU_single_circle3/CPU_single_circle3.srcs/sources_1/new/CPU.v:54]
WARNING: [Synth 8-3295] tying undriven pin r1:ra[17] to constant 0 [D:/CPU_single_circle3/CPU_single_circle3.srcs/sources_1/new/CPU.v:54]
WARNING: [Synth 8-3295] tying undriven pin r1:ra[16] to constant 0 [D:/CPU_single_circle3/CPU_single_circle3.srcs/sources_1/new/CPU.v:54]
WARNING: [Synth 8-3295] tying undriven pin r1:ra[15] to constant 0 [D:/CPU_single_circle3/CPU_single_circle3.srcs/sources_1/new/CPU.v:54]
WARNING: [Synth 8-3295] tying undriven pin r1:ra[14] to constant 0 [D:/CPU_single_circle3/CPU_single_circle3.srcs/sources_1/new/CPU.v:54]
WARNING: [Synth 8-3295] tying undriven pin r1:ra[13] to constant 0 [D:/CPU_single_circle3/CPU_single_circle3.srcs/sources_1/new/CPU.v:54]
WARNING: [Synth 8-3295] tying undriven pin r1:ra[12] to constant 0 [D:/CPU_single_circle3/CPU_single_circle3.srcs/sources_1/new/CPU.v:54]
WARNING: [Synth 8-3295] tying undriven pin r1:ra[11] to constant 0 [D:/CPU_single_circle3/CPU_single_circle3.srcs/sources_1/new/CPU.v:54]
WARNING: [Synth 8-3295] tying undriven pin r1:ra[10] to constant 0 [D:/CPU_single_circle3/CPU_single_circle3.srcs/sources_1/new/CPU.v:54]
WARNING: [Synth 8-3295] tying undriven pin r1:ra[9] to constant 0 [D:/CPU_single_circle3/CPU_single_circle3.srcs/sources_1/new/CPU.v:54]
WARNING: [Synth 8-3295] tying undriven pin r1:ra[8] to constant 0 [D:/CPU_single_circle3/CPU_single_circle3.srcs/sources_1/new/CPU.v:54]
WARNING: [Synth 8-3295] tying undriven pin r1:ra[7] to constant 0 [D:/CPU_single_circle3/CPU_single_circle3.srcs/sources_1/new/CPU.v:54]
WARNING: [Synth 8-3295] tying undriven pin r1:ra[6] to constant 0 [D:/CPU_single_circle3/CPU_single_circle3.srcs/sources_1/new/CPU.v:54]
WARNING: [Synth 8-3295] tying undriven pin r1:ra[5] to constant 0 [D:/CPU_single_circle3/CPU_single_circle3.srcs/sources_1/new/CPU.v:54]
WARNING: [Synth 8-3295] tying undriven pin r1:ra[4] to constant 0 [D:/CPU_single_circle3/CPU_single_circle3.srcs/sources_1/new/CPU.v:54]
WARNING: [Synth 8-3295] tying undriven pin r1:ra[3] to constant 0 [D:/CPU_single_circle3/CPU_single_circle3.srcs/sources_1/new/CPU.v:54]
WARNING: [Synth 8-3295] tying undriven pin r1:ra[2] to constant 0 [D:/CPU_single_circle3/CPU_single_circle3.srcs/sources_1/new/CPU.v:54]
WARNING: [Synth 8-3295] tying undriven pin r1:ra[1] to constant 0 [D:/CPU_single_circle3/CPU_single_circle3.srcs/sources_1/new/CPU.v:54]
WARNING: [Synth 8-3295] tying undriven pin r1:ra[0] to constant 0 [D:/CPU_single_circle3/CPU_single_circle3.srcs/sources_1/new/CPU.v:54]
---------------------------------------------------------------------------------
Start Handling Custom Attributes
---------------------------------------------------------------------------------
---------------------------------------------------------------------------------
Finished Handling Custom Attributes : Time (s): cpu = 00:00:07 ; elapsed = 00:00:07 . Memory (MB): peak = 471.660 ; gain = 151.633
---------------------------------------------------------------------------------
---------------------------------------------------------------------------------
Finished RTL Optimization Phase 1 : Time (s): cpu = 00:00:07 ; elapsed = 00:00:07 . Memory (MB): peak = 471.660 ; gain = 151.633
---------------------------------------------------------------------------------
INFO: [Device 21-403] Loading part xc7a35tcpg236-1
INFO: [Project 1-570] Preparing netlist for logic optimization

Processing XDC Constraints
Initializing timing engine
Parsing XDC File [D:/CPU_single_circle3/CPU_single_circle3.srcs/constrs_1/new/display.xdc]
WARNING: [Vivado 12-663] port, pin or net 'get_ports' not found. [D:/CPU_single_circle3/CPU_single_circle3.srcs/constrs_1/new/display.xdc:35]
INFO: [Vivado 12-2286] Implicit search of objects for pattern 'clk' matched to 'port' objects. [D:/CPU_single_circle3/CPU_single_circle3.srcs/constrs_1/new/display.xdc:35]
Resolution: To avoid ambiguous patterns, provide proper objects using get commands e.g. [get_nets xyz].
Finished Parsing XDC File [D:/CPU_single_circle3/CPU_single_circle3.srcs/constrs_1/new/display.xdc]
INFO: [Project 1-236] Implementation specific constraints were found while reading constraint file [D:/CPU_single_circle3/CPU_single_circle3.srcs/constrs_1/new/display.xdc]. These constraints will be ignored for synthesis but will be used in implementation. Impacted constraints are listed in the file [.Xil/display_propImpl.xdc].
Resolution: To avoid this warning, move constraints listed in [.Xil/display_propImpl.xdc] to another XDC file and exclude this new file from synthesis with the used_in_synthesis property (File Properties dialog in GUI) and re-run elaboration/synthesis.
Completed Processing XDC Constraints

INFO: [Project 1-111] Unisim Transformation Summary:
No Unisim elements were transformed.

Constraint Validation Runtime : Time (s): cpu = 00:00:00 ; elapsed = 00:00:00.005 . Memory (MB): peak = 810.742 ; gain = 0.000
---------------------------------------------------------------------------------
Finished Constraint Validation : Time (s): cpu = 00:00:19 ; elapsed = 00:00:21 . Memory (MB): peak = 810.742 ; gain = 490.715
---------------------------------------------------------------------------------
---------------------------------------------------------------------------------
Start Loading Part and Timing Information
---------------------------------------------------------------------------------
Loading part: xc7a35tcpg236-1
---------------------------------------------------------------------------------
Finished Loading Part and Timing Information : Time (s): cpu = 00:00:19 ; elapsed = 00:00:21 . Memory (MB): peak = 810.742 ; gain = 490.715
---------------------------------------------------------------------------------
---------------------------------------------------------------------------------
Start Applying 'set_property' XDC Constraints
---------------------------------------------------------------------------------
---------------------------------------------------------------------------------
Finished applying 'set_property' XDC Constraints : Time (s): cpu = 00:00:19 ; elapsed = 00:00:21 . Memory (MB): peak = 810.742 ; gain = 490.715
---------------------------------------------------------------------------------
INFO: [Synth 8-5546] ROM "mem" won't be mapped to RAM because it is too sparse
INFO: [Synth 8-5546] ROM "ALU_control" won't be mapped to RAM because it is too sparse
INFO: [Synth 8-5546] ROM "registers_reg[31]" won't be mapped to RAM because it is too sparse
INFO: [Synth 8-5546] ROM "registers_reg[31]" won't be mapped to RAM because it is too sparse
INFO: [Synth 8-5546] ROM "registers_reg[30]" won't be mapped to RAM because it is too sparse
INFO: [Synth 8-5546] ROM "registers_reg[30]" won't be mapped to RAM because it is too sparse
INFO: [Synth 8-5546] ROM "registers_reg[29]" won't be mapped to RAM because it is too sparse
INFO: [Synth 8-5546] ROM "registers_reg[29]" won't be mapped to RAM because it is too sparse
INFO: [Synth 8-5546] ROM "registers_reg[28]" won't be mapped to RAM because it is too sparse
INFO: [Synth 8-5546] ROM "registers_reg[28]" won't be mapped to RAM because it is too sparse
INFO: [Synth 8-5546] ROM "registers_reg[27]" won't be mapped to RAM because it is too sparse
INFO: [Synth 8-5546] ROM "registers_reg[27]" won't be mapped to RAM because it is too sparse
INFO: [Synth 8-5546] ROM "registers_reg[26]" won't be mapped to RAM because it is too sparse
INFO: [Synth 8-5546] ROM "registers_reg[26]" won't be mapped to RAM because it is too sparse
INFO: [Synth 8-5546] ROM "registers_reg[25]" won't be mapped to RAM because it is too sparse
INFO: [Synth 8-5546] ROM "registers_reg[25]" won't be mapped to RAM because it is too sparse
INFO: [Synth 8-5546] ROM "registers_reg[24]" won't be mapped to RAM because it is too sparse
INFO: [Synth 8-5546] ROM "registers_reg[24]" won't be mapped to RAM because it is too sparse
INFO: [Synth 8-5546] ROM "registers_reg[23]" won't be mapped to RAM because it is too sparse
INFO: [Synth 8-5546] ROM "registers_reg[23]" won't be mapped to RAM because it is too sparse
INFO: [Synth 8-5546] ROM "registers_reg[22]" won't be mapped to RAM because it is too sparse
INFO: [Synth 8-5546] ROM "registers_reg[22]" won't be mapped to RAM because it is too sparse
INFO: [Synth 8-5546] ROM "registers_reg[21]" won't be mapped to RAM because it is too sparse
INFO: [Synth 8-5546] ROM "registers_reg[21]" won't be mapped to RAM because it is too sparse
INFO: [Synth 8-5546] ROM "registers_reg[20]" won't be mapped to RAM because it is too sparse
INFO: [Synth 8-5546] ROM "registers_reg[20]" won't be mapped to RAM because it is too sparse
INFO: [Synth 8-5546] ROM "registers_reg[19]" won't be mapped to RAM because it is too sparse
INFO: [Synth 8-5546] ROM "registers_reg[19]" won't be mapped to RAM because it is too sparse
INFO: [Synth 8-5546] ROM "registers_reg[18]" won't be mapped to RAM because it is too sparse
INFO: [Synth 8-5546] ROM "registers_reg[18]" won't be mapped to RAM because it is too sparse
INFO: [Synth 8-5546] ROM "registers_reg[17]" won't be mapped to RAM because it is too sparse
INFO: [Synth 8-5546] ROM "registers_reg[17]" won't be mapped to RAM because it is too sparse
INFO: [Synth 8-5546] ROM "registers_reg[16]" won't be mapped to RAM because it is too sparse
INFO: [Synth 8-5546] ROM "registers_reg[16]" won't be mapped to RAM because it is too sparse
INFO: [Synth 8-5546] ROM "registers_reg[15]" won't be mapped to RAM because it is too sparse
INFO: [Synth 8-5546] ROM "registers_reg[15]" won't be mapped to RAM because it is too sparse
INFO: [Synth 8-5546] ROM "registers_reg[14]" won't be mapped to RAM because it is too sparse
INFO: [Synth 8-5546] ROM "registers_reg[14]" won't be mapped to RAM because it is too sparse
INFO: [Synth 8-5546] ROM "registers_reg[13]" won't be mapped to RAM because it is too sparse
INFO: [Synth 8-5546] ROM "registers_reg[13]" won't be mapped to RAM because it is too sparse
INFO: [Synth 8-5546] ROM "registers_reg[12]" won't be mapped to RAM because it is too sparse
INFO: [Synth 8-5546] ROM "registers_reg[12]" won't be mapped to RAM because it is too sparse
INFO: [Synth 8-5546] ROM "registers_reg[11]" won't be mapped to RAM because it is too sparse
INFO: [Synth 8-5546] ROM "registers_reg[11]" won't be mapped to RAM because it is too sparse
INFO: [Synth 8-5546] ROM "registers_reg[10]" won't be mapped to RAM because it is too sparse
INFO: [Synth 8-5546] ROM "registers_reg[10]" won't be mapped to RAM because it is too sparse
INFO: [Synth 8-5546] ROM "registers_reg[9]" won't be mapped to RAM because it is too sparse
INFO: [Synth 8-5546] ROM "registers_reg[9]" won't be mapped to RAM because it is too sparse
INFO: [Synth 8-5546] ROM "registers_reg[8]" won't be mapped to RAM because it is too sparse
INFO: [Synth 8-5546] ROM "registers_reg[8]" won't be mapped to RAM because it is too sparse
INFO: [Synth 8-5546] ROM "registers_reg[7]" won't be mapped to RAM because it is too sparse
INFO: [Synth 8-5546] ROM "registers_reg[7]" won't be mapped to RAM because it is too sparse
INFO: [Synth 8-5546] ROM "registers_reg[6]" won't be mapped to RAM because it is too sparse
INFO: [Synth 8-5546] ROM "registers_reg[6]" won't be mapped to RAM because it is too sparse
INFO: [Synth 8-5546] ROM "registers_reg[5]" won't be mapped to RAM because it is too sparse
INFO: [Synth 8-5546] ROM "registers_reg[5]" won't be mapped to RAM because it is too sparse
INFO: [Synth 8-5546] ROM "registers_reg[4]" won't be mapped to RAM because it is too sparse
INFO: [Synth 8-5546] ROM "registers_reg[4]" won't be mapped to RAM because it is too sparse
INFO: [Synth 8-5546] ROM "registers_reg[3]" won't be mapped to RAM because it is too sparse
INFO: [Synth 8-5546] ROM "registers_reg[3]" won't be mapped to RAM because it is too sparse
INFO: [Synth 8-5546] ROM "registers_reg[2]" won't be mapped to RAM because it is too sparse
INFO: [Synth 8-5546] ROM "registers_reg[2]" won't be mapped to RAM because it is too sparse
INFO: [Synth 8-5546] ROM "registers_reg[1]" won't be mapped to RAM because it is too sparse
INFO: [Synth 8-5546] ROM "registers_reg[1]" won't be mapped to RAM because it is too sparse
INFO: [Synth 8-5546] ROM "registers_reg[0]" won't be mapped to RAM because it is too sparse
INFO: [Synth 8-5546] ROM "registers_reg[0]" won't be mapped to RAM because it is too sparse
INFO: [Synth 8-5818] HDL ADVISOR - The operator resource <adder> is shared. To prevent sharing consider applying a KEEP on the output of the operator [D:/CPU_single_circle3/CPU_single_circle3.srcs/sources_1/new/ALU.v:35]
INFO: [Synth 8-5545] ROM "seg" won't be mapped to RAM because address size (32) is larger than maximum supported(25)
---------------------------------------------------------------------------------
Finished RTL Optimization Phase 2 : Time (s): cpu = 00:00:20 ; elapsed = 00:00:22 . Memory (MB): peak = 810.742 ; gain = 490.715
---------------------------------------------------------------------------------

Report RTL Partitions: 
+-+--------------+------------+----------+
| |RTL Partition |Replication |Instances |
+-+--------------+------------+----------+
+-+--------------+------------+----------+
---------------------------------------------------------------------------------
Start RTL Component Statistics 
---------------------------------------------------------------------------------
Detailed RTL Component Info : 
+---Adders : 
	   2 Input     32 Bit       Adders := 3     
	   3 Input     32 Bit       Adders := 2     
	   2 Input      4 Bit       Adders := 1     
	   2 Input      3 Bit       Adders := 1     
	   2 Input      2 Bit       Adders := 1     
+---Registers : 
	               32 Bit    Registers := 34    
	                4 Bit    Registers := 1     
	                3 Bit    Registers := 1     
	                2 Bit    Registers := 1     
	                1 Bit    Registers := 2     
+---Muxes : 
	   2 Input     32 Bit        Muxes := 11    
	  56 Input     32 Bit        Muxes := 1     
	   3 Input     32 Bit        Muxes := 2     
	   4 Input     32 Bit        Muxes := 1     
	   2 Input     28 Bit        Muxes := 1     
	   2 Input      8 Bit        Muxes := 1     
	   2 Input      4 Bit        Muxes := 1     
	   4 Input      4 Bit        Muxes := 1     
	   5 Input      3 Bit        Muxes := 1     
	   2 Input      2 Bit        Muxes := 1     
	   2 Input      1 Bit        Muxes := 64    
	   3 Input      1 Bit        Muxes := 32    
---------------------------------------------------------------------------------
Finished RTL Component Statistics 
---------------------------------------------------------------------------------
---------------------------------------------------------------------------------
Start RTL Hierarchical Component Statistics 
---------------------------------------------------------------------------------
Hierarchical RTL Component report 
Module display 
Detailed RTL Component Info : 
+---Adders : 
	   2 Input     32 Bit       Adders := 1     
	   3 Input     32 Bit       Adders := 1     
	   2 Input      4 Bit       Adders := 1     
	   2 Input      3 Bit       Adders := 1     
	   2 Input      2 Bit       Adders := 1     
+---Registers : 
	               32 Bit    Registers := 1     
	                4 Bit    Registers := 1     
	                3 Bit    Registers := 1     
	                2 Bit    Registers := 1     
	                1 Bit    Registers := 2     
+---Muxes : 
	   4 Input     32 Bit        Muxes := 1     
	   2 Input      8 Bit        Muxes := 1     
	   4 Input      4 Bit        Muxes := 1     
Module Adder 
Detailed RTL Component Info : 
+---Adders : 
	   2 Input     32 Bit       Adders := 1     
Module Mulx 
Detailed RTL Component Info : 
+---Muxes : 
	   2 Input     32 Bit        Muxes := 1     
Module PC 
Detailed RTL Component Info : 
+---Registers : 
	               32 Bit    Registers := 1     
Module PCAdder4 
Detailed RTL Component Info : 
+---Adders : 
	   2 Input     32 Bit       Adders := 1     
Module InsMem 
Detailed RTL Component Info : 
+---Muxes : 
	  56 Input     32 Bit        Muxes := 1     
Module ALUControl 
Detailed RTL Component Info : 
+---Muxes : 
	   5 Input      3 Bit        Muxes := 1     
Module Registers 
Detailed RTL Component Info : 
+---Registers : 
	               32 Bit    Registers := 32    
+---Muxes : 
	   2 Input     32 Bit        Muxes := 1     
	   2 Input      1 Bit        Muxes := 64    
	   3 Input      1 Bit        Muxes := 32    
Module ALU 
Detailed RTL Component Info : 
+---Adders : 
	   3 Input     32 Bit       Adders := 1     
+---Muxes : 
	   2 Input     32 Bit        Muxes := 5     
	   3 Input     32 Bit        Muxes := 2     
Module Mulx__parameterized0 
Detailed RTL Component Info : 
+---Muxes : 
	   2 Input      2 Bit        Muxes := 1     
Module CPU 
Detailed RTL Component Info : 
+---Muxes : 
	   2 Input     28 Bit        Muxes := 1     
	   2 Input      4 Bit        Muxes := 1     
---------------------------------------------------------------------------------
Finished RTL Hierarchical Component Statistics
---------------------------------------------------------------------------------
---------------------------------------------------------------------------------
Start Part Resource Summary
---------------------------------------------------------------------------------
Part Resources:
DSPs: 90 (col length:60)
BRAMs: 100 (col length: RAMB18 60 RAMB36 30)
---------------------------------------------------------------------------------
Finished Part Resource Summary
---------------------------------------------------------------------------------
---------------------------------------------------------------------------------
Start Cross Boundary and Area Optimization
---------------------------------------------------------------------------------
Warning: Parallel synthesis criteria is not met 
INFO: [Synth 8-3886] merging instance 'result_reg[31]' (FD) to 'result_reg[30]'
INFO: [Synth 8-3886] merging instance 'result_reg[30]' (FD) to 'result_reg[29]'
INFO: [Synth 8-3886] merging instance 'result_reg[29]' (FD) to 'result_reg[28]'
INFO: [Synth 8-3333] propagating constant 0 across sequential element (\result_reg[28] )
WARNING: [Synth 8-3332] Sequential element (result_reg[28]) is unused and will be removed from module display.
---------------------------------------------------------------------------------
Finished Cross Boundary and Area Optimization : Time (s): cpu = 00:02:36 ; elapsed = 00:02:45 . Memory (MB): peak = 810.742 ; gain = 490.715
---------------------------------------------------------------------------------
---------------------------------------------------------------------------------
Start ROM, RAM, DSP and Shift Register Reporting
---------------------------------------------------------------------------------

Distributed RAM: Preliminary Mapping  Report (see note below)
+------------+----------------------------------+-----------+----------------------+------------------+
|Module Name | RTL Object                       | Inference | Size (Depth x Width) | Primitives       | 
+------------+----------------------------------+-----------+----------------------+------------------+
|display     | nolabel_line71/d1/datamemory_reg | Implied   | 256 x 32             | RAM128X1D x 64   | 
+------------+----------------------------------+-----------+----------------------+------------------+

Note: The table above is a preliminary report that shows the Distributed RAMs at the current stage of the synthesis flow. Some Distributed RAMs may be reimplemented as non Distributed RAM primitives later in the synthesis flow. Multiple instantiated RAMs are reported only once.
---------------------------------------------------------------------------------
Finished ROM, RAM, DSP and Shift Register Reporting
---------------------------------------------------------------------------------

Report RTL Partitions: 
+-+--------------+------------+----------+
| |RTL Partition |Replication |Instances |
+-+--------------+------------+----------+
+-+--------------+------------+----------+
---------------------------------------------------------------------------------
Start Applying XDC Timing Constraints
---------------------------------------------------------------------------------
---------------------------------------------------------------------------------
Finished Applying XDC Timing Constraints : Time (s): cpu = 00:02:45 ; elapsed = 00:02:55 . Memory (MB): peak = 810.742 ; gain = 490.715
---------------------------------------------------------------------------------
---------------------------------------------------------------------------------
Start Timing Optimization
---------------------------------------------------------------------------------
---------------------------------------------------------------------------------
Finished Timing Optimization : Time (s): cpu = 00:03:47 ; elapsed = 00:04:00 . Memory (MB): peak = 913.230 ; gain = 593.203
---------------------------------------------------------------------------------
---------------------------------------------------------------------------------
Start ROM, RAM, DSP and Shift Register Reporting
---------------------------------------------------------------------------------

Distributed RAM: Final Mapping  Report
+------------+----------------------------------+-----------+----------------------+------------------+
|Module Name | RTL Object                       | Inference | Size (Depth x Width) | Primitives       | 
+------------+----------------------------------+-----------+----------------------+------------------+
|display     | nolabel_line71/d1/datamemory_reg | Implied   | 256 x 32             | RAM128X1D x 64   | 
+------------+----------------------------------+-----------+----------------------+------------------+

---------------------------------------------------------------------------------
Finished ROM, RAM, DSP and Shift Register Reporting
---------------------------------------------------------------------------------

Report RTL Partitions: 
+-+--------------+------------+----------+
| |RTL Partition |Replication |Instances |
+-+--------------+------------+----------+
+-+--------------+------------+----------+
---------------------------------------------------------------------------------
Start Technology Mapping
---------------------------------------------------------------------------------
---------------------------------------------------------------------------------
Finished Technology Mapping : Time (s): cpu = 00:03:48 ; elapsed = 00:04:01 . Memory (MB): peak = 913.230 ; gain = 593.203
---------------------------------------------------------------------------------

Report RTL Partitions: 
+-+--------------+------------+----------+
| |RTL Partition |Replication |Instances |
+-+--------------+------------+----------+
+-+--------------+------------+----------+
---------------------------------------------------------------------------------
Start IO Insertion
---------------------------------------------------------------------------------
---------------------------------------------------------------------------------
Start Flattening Before IO Insertion
---------------------------------------------------------------------------------
---------------------------------------------------------------------------------
Finished Flattening Before IO Insertion
---------------------------------------------------------------------------------
---------------------------------------------------------------------------------
Start Final Netlist Cleanup
---------------------------------------------------------------------------------
---------------------------------------------------------------------------------
Finished Final Netlist Cleanup
---------------------------------------------------------------------------------
---------------------------------------------------------------------------------
Finished IO Insertion : Time (s): cpu = 00:03:49 ; elapsed = 00:04:02 . Memory (MB): peak = 913.230 ; gain = 593.203
---------------------------------------------------------------------------------

Report Check Netlist: 
+------+------------------+-------+---------+-------+------------------+
|      |Item              |Errors |Warnings |Status |Description       |
+------+------------------+-------+---------+-------+------------------+
|1     |multi_driven_nets |      0|        0|Passed |Multi driven nets |
+------+------------------+-------+---------+-------+------------------+
---------------------------------------------------------------------------------
Start Renaming Generated Instances
---------------------------------------------------------------------------------
---------------------------------------------------------------------------------
Finished Renaming Generated Instances : Time (s): cpu = 00:03:49 ; elapsed = 00:04:02 . Memory (MB): peak = 913.230 ; gain = 593.203
---------------------------------------------------------------------------------

Report RTL Partitions: 
+-+--------------+------------+----------+
| |RTL Partition |Replication |Instances |
+-+--------------+------------+----------+
+-+--------------+------------+----------+
---------------------------------------------------------------------------------
Start Rebuilding User Hierarchy
---------------------------------------------------------------------------------
---------------------------------------------------------------------------------
Finished Rebuilding User Hierarchy : Time (s): cpu = 00:03:49 ; elapsed = 00:04:03 . Memory (MB): peak = 913.230 ; gain = 593.203
---------------------------------------------------------------------------------
---------------------------------------------------------------------------------
Start Renaming Generated Ports
---------------------------------------------------------------------------------
---------------------------------------------------------------------------------
Finished Renaming Generated Ports : Time (s): cpu = 00:03:49 ; elapsed = 00:04:03 . Memory (MB): peak = 913.230 ; gain = 593.203
---------------------------------------------------------------------------------
---------------------------------------------------------------------------------
Start Handling Custom Attributes
---------------------------------------------------------------------------------
---------------------------------------------------------------------------------
Finished Handling Custom Attributes : Time (s): cpu = 00:03:49 ; elapsed = 00:04:03 . Memory (MB): peak = 913.230 ; gain = 593.203
---------------------------------------------------------------------------------
---------------------------------------------------------------------------------
Start Renaming Generated Nets
---------------------------------------------------------------------------------
---------------------------------------------------------------------------------
Finished Renaming Generated Nets : Time (s): cpu = 00:03:49 ; elapsed = 00:04:03 . Memory (MB): peak = 913.230 ; gain = 593.203
---------------------------------------------------------------------------------
---------------------------------------------------------------------------------
Start Writing Synthesis Report
---------------------------------------------------------------------------------

Report BlackBoxes: 
+-+--------------+----------+
| |BlackBox name |Instances |
+-+--------------+----------+
+-+--------------+----------+

Report Cell Usage: 
+------+----------+------+
|      |Cell      |Count |
+------+----------+------+
|1     |BUFG      |     5|
|2     |CARRY4    |    47|
|3     |LUT1      |     8|
|4     |LUT2      |   126|
|5     |LUT3      |    74|
|6     |LUT4      |    80|
|7     |LUT5      |   211|
|8     |LUT6      |   714|
|9     |MUXF7     |   261|
|10    |MUXF8     |    64|
|11    |RAM128X1D |    64|
|12    |FDRE      |  1126|
|13    |FDSE      |     4|
|14    |IBUF      |     3|
|15    |OBUF      |    12|
+------+----------+------+

Report Instance Areas: 
+------+-----------------+----------+------+
|      |Instance         |Module    |Cells |
+------+-----------------+----------+------+
|1     |top              |          |  2799|
|2     |  nolabel_line71 |CPU       |  2655|
|3     |    add1         |Adder     |     8|
|4     |    al1          |ALU       |    39|
|5     |    d1           |DataMem   |    93|
|6     |    p1           |PC        |   528|
|7     |    p2           |PCAdder4  |     8|
|8     |    r1           |Registers |  1947|
+------+-----------------+----------+------+
---------------------------------------------------------------------------------
Finished Writing Synthesis Report : Time (s): cpu = 00:03:49 ; elapsed = 00:04:03 . Memory (MB): peak = 913.230 ; gain = 593.203
---------------------------------------------------------------------------------
Synthesis finished with 0 errors, 0 critical warnings and 1 warnings.
Synthesis Optimization Runtime : Time (s): cpu = 00:03:35 ; elapsed = 00:03:54 . Memory (MB): peak = 913.230 ; gain = 254.121
Synthesis Optimization Complete : Time (s): cpu = 00:03:49 ; elapsed = 00:04:03 . Memory (MB): peak = 913.230 ; gain = 593.203
INFO: [Project 1-571] Translating synthesized netlist
INFO: [Netlist 29-17] Analyzing 439 Unisim elements for replacement
INFO: [Netlist 29-28] Unisim Transformation completed in 0 CPU seconds
INFO: [Project 1-570] Preparing netlist for logic optimization
INFO: [Opt 31-138] Pushed 0 inverter(s) to 0 load pin(s).
INFO: [Project 1-111] Unisim Transformation Summary:
  A total of 64 instances were transformed.
  RAM128X1D => RAM128X1D (RAMD64E, RAMD64E, MUXF7, MUXF7, RAMD64E, RAMD64E): 64 instances

INFO: [Common 17-83] Releasing license: Synthesis
113 Infos, 44 Warnings, 0 Critical Warnings and 0 Errors encountered.
synth_design completed successfully
synth_design: Time (s): cpu = 00:03:52 ; elapsed = 00:04:07 . Memory (MB): peak = 913.230 ; gain = 606.074
INFO: [Common 17-1381] The checkpoint 'D:/CPU_single_circle3/CPU_single_circle3.runs/synth_1/display.dcp' has been generated.
INFO: [runtcl-4] Executing : report_utilization -file display_utilization_synth.rpt -pb display_utilization_synth.pb
report_utilization: Time (s): cpu = 00:00:00 ; elapsed = 00:00:00.046 . Memory (MB): peak = 913.230 ; gain = 0.000
INFO: [Common 17-206] Exiting Vivado at Wed Nov 23 00:24:04 2022...
