#-----------------------------------------------------------
# Vivado v2018.1 (64-bit)
# SW Build 2188600 on Wed Apr  4 18:40:38 MDT 2018
# IP Build 2185939 on Wed Apr  4 20:55:05 MDT 2018
# Start of session at: Sat Dec  3 19:21:31 2022
# Process ID: 900
# Current directory: D:/CPU_pipeline2
# Command line: vivado.exe -gui_launcher_event rodinguilauncherevent29284 D:\CPU_pipeline2\CPU_pipeline2.xpr
# Log file: D:/CPU_pipeline2/vivado.log
# Journal file: D:/CPU_pipeline2\vivado.jou
#-----------------------------------------------------------
start_gui
open_project D:/CPU_pipeline2/CPU_pipeline2.xpr
Scanning sources...
Finished scanning sources
INFO: [IP_Flow 19-234] Refreshing IP repositories
INFO: [IP_Flow 19-1704] No user IP repositories specified
INFO: [IP_Flow 19-2313] Loaded Vivado IP repository 'D:/Vivado/2018.1/data/ip'.
open_project: Time (s): cpu = 00:00:13 ; elapsed = 00:00:08 . Memory (MB): peak = 962.758 ; gain = 193.887
update_compile_order -fileset sources_1
launch_simulation
INFO: [Vivado 12-5682] Launching behavioral simulation in 'D:/CPU_pipeline2/CPU_pipeline2.sim/sim_1/behav/xsim'
INFO: [SIM-utils-51] Simulation object is 'sim_1'
INFO: [SIM-utils-54] Inspecting design source files for 'CPU_sim' in fileset 'sim_1'...
INFO: [USF-XSim-97] Finding global include files...
INFO: [USF-XSim-98] Fetching design files from 'sim_1'...
INFO: [USF-XSim-2] XSim::Compile design
INFO: [USF-XSim-61] Executing 'COMPILE and ANALYZE' step in 'D:/CPU_pipeline2/CPU_pipeline2.sim/sim_1/behav/xsim'
"xvlog --incr --relax -prj CPU_sim_vlog.prj"
INFO: [VRFC 10-2263] Analyzing Verilog file "D:/CPU_pipeline2/CPU_pipeline2.srcs/sources_1/new/ALU.v" into library xil_defaultlib
INFO: [VRFC 10-311] analyzing module ALU
INFO: [VRFC 10-2263] Analyzing Verilog file "D:/CPU_pipeline2/CPU_pipeline2.srcs/sources_1/new/ALUControl.v" into library xil_defaultlib
INFO: [VRFC 10-311] analyzing module ALUControl
INFO: [VRFC 10-2263] Analyzing Verilog file "D:/CPU_pipeline2/CPU_pipeline2.srcs/sources_1/new/Adder.v" into library xil_defaultlib
INFO: [VRFC 10-311] analyzing module Adder
INFO: [VRFC 10-2263] Analyzing Verilog file "D:/CPU_pipeline2/CPU_pipeline2.srcs/sources_1/new/CPU.v" into library xil_defaultlib
INFO: [VRFC 10-311] analyzing module CPU
INFO: [VRFC 10-2263] Analyzing Verilog file "D:/CPU_pipeline2/CPU_pipeline2.srcs/sources_1/new/Control.v" into library xil_defaultlib
INFO: [VRFC 10-311] analyzing module Control
INFO: [VRFC 10-2263] Analyzing Verilog file "D:/CPU_pipeline2/CPU_pipeline2.srcs/sources_1/new/DataMem.v" into library xil_defaultlib
INFO: [VRFC 10-311] analyzing module DataMem
INFO: [VRFC 10-2263] Analyzing Verilog file "D:/CPU_pipeline2/CPU_pipeline2.srcs/sources_1/new/EXMEM_Registers.v" into library xil_defaultlib
INFO: [VRFC 10-311] analyzing module EXMEM_Registers
INFO: [VRFC 10-2263] Analyzing Verilog file "D:/CPU_pipeline2/CPU_pipeline2.srcs/sources_1/new/ForwardingUnit.v" into library xil_defaultlib
INFO: [VRFC 10-311] analyzing module ForwardingUnit
INFO: [VRFC 10-2263] Analyzing Verilog file "D:/CPU_pipeline2/CPU_pipeline2.srcs/sources_1/new/ForwardingUnit1.v" into library xil_defaultlib
INFO: [VRFC 10-311] analyzing module ForwardingUnit1
INFO: [VRFC 10-2263] Analyzing Verilog file "D:/CPU_pipeline2/CPU_pipeline2.srcs/sources_1/new/ForwordingUnit2.v" into library xil_defaultlib
INFO: [VRFC 10-311] analyzing module ForwordingUnit2
INFO: [VRFC 10-2263] Analyzing Verilog file "D:/CPU_pipeline2/CPU_pipeline2.srcs/sources_1/new/HazardDetectUnit.v" into library xil_defaultlib
INFO: [VRFC 10-311] analyzing module HazardDetectUnit
INFO: [VRFC 10-2263] Analyzing Verilog file "D:/CPU_pipeline2/CPU_pipeline2.srcs/sources_1/new/IDEX_Registers.v" into library xil_defaultlib
INFO: [VRFC 10-311] analyzing module IDEX_Registers
INFO: [VRFC 10-2263] Analyzing Verilog file "D:/CPU_pipeline2/CPU_pipeline2.srcs/sources_1/new/IFID_Registers.v" into library xil_defaultlib
INFO: [VRFC 10-311] analyzing module IFID_Registers
INFO: [VRFC 10-2263] Analyzing Verilog file "D:/CPU_pipeline2/CPU_pipeline2.srcs/sources_1/new/InsMem.v" into library xil_defaultlib
INFO: [VRFC 10-311] analyzing module InsMem
INFO: [VRFC 10-2263] Analyzing Verilog file "D:/CPU_pipeline2/CPU_pipeline2.srcs/sources_1/new/MEMWB_Regisers.v" into library xil_defaultlib
INFO: [VRFC 10-311] analyzing module MEMWB_Registers
INFO: [VRFC 10-2263] Analyzing Verilog file "D:/CPU_pipeline2/CPU_pipeline2.srcs/sources_1/new/Mulx.v" into library xil_defaultlib
INFO: [VRFC 10-311] analyzing module Mulx
INFO: [VRFC 10-2263] Analyzing Verilog file "D:/CPU_pipeline2/CPU_pipeline2.srcs/sources_1/new/PC.v" into library xil_defaultlib
INFO: [VRFC 10-311] analyzing module PC
INFO: [VRFC 10-2263] Analyzing Verilog file "D:/CPU_pipeline2/CPU_pipeline2.srcs/sources_1/new/PCAdder4.v" into library xil_defaultlib
INFO: [VRFC 10-311] analyzing module PCAdder4
INFO: [VRFC 10-2263] Analyzing Verilog file "D:/CPU_pipeline2/CPU_pipeline2.srcs/sources_1/new/Registers.v" into library xil_defaultlib
INFO: [VRFC 10-311] analyzing module Registers
INFO: [VRFC 10-2263] Analyzing Verilog file "D:/CPU_pipeline2/CPU_pipeline2.srcs/sim_1/new/CPU_sim.v" into library xil_defaultlib
INFO: [VRFC 10-311] analyzing module CPU_sim
INFO: [USF-XSim-69] 'compile' step finished in '3' seconds
INFO: [USF-XSim-3] XSim::Elaborate design
INFO: [USF-XSim-61] Executing 'ELABORATE' step in 'D:/CPU_pipeline2/CPU_pipeline2.sim/sim_1/behav/xsim'
Vivado Simulator 2018.1
Copyright 1986-1999, 2001-2017 Xilinx, Inc. All Rights Reserved.
Running: D:/Vivado/2018.1/bin/unwrapped/win64.o/xelab.exe -wto 40d2c5925b204416ab0f6ce856f82736 --incr --debug typical --relax --mt 2 -L xil_defaultlib -L unisims_ver -L unimacro_ver -L secureip --snapshot CPU_sim_behav xil_defaultlib.CPU_sim xil_defaultlib.glbl -log elaborate.log 
Using 2 slave threads.
Starting static elaboration
WARNING: [VRFC 10-278] actual bit length 2 differs from formal bit length 4 for port IDEX_ALUop [D:/CPU_pipeline2/CPU_pipeline2.srcs/sources_1/new/CPU.v:90]
WARNING: [VRFC 10-278] actual bit length 32 differs from formal bit length 5 for port IDEX_Reg1 [D:/CPU_pipeline2/CPU_pipeline2.srcs/sources_1/new/CPU.v:92]
Completed static elaboration
Starting simulation data flow analysis
Completed simulation data flow analysis
Time Resolution for simulation is 1ps
Compiling module xil_defaultlib.HazardDetectUnit
Compiling module xil_defaultlib.Adder
Compiling module xil_defaultlib.Mulx
Compiling module xil_defaultlib.PC
Compiling module xil_defaultlib.PCAdder4
Compiling module xil_defaultlib.IFID_Registers
Compiling module xil_defaultlib.InsMem
Compiling module xil_defaultlib.Control
Compiling module xil_defaultlib.ALUControl
Compiling module xil_defaultlib.Mulx(width=5)
Compiling module xil_defaultlib.Registers
Compiling module xil_defaultlib.IDEX_Registers
Compiling module xil_defaultlib.ForwardingUnit1
Compiling module xil_defaultlib.ForwordingUnit2
Compiling module xil_defaultlib.ForwardingUnit
Compiling module xil_defaultlib.ALU
Compiling module xil_defaultlib.Mulx(width=1)
Compiling module xil_defaultlib.EXMEM_Registers
Compiling module xil_defaultlib.DataMem
Compiling module xil_defaultlib.MEMWB_Registers
Compiling module xil_defaultlib.CPU
Compiling module xil_defaultlib.CPU_sim
Compiling module xil_defaultlib.glbl
Built simulation snapshot CPU_sim_behav

****** Webtalk v2018.1 (64-bit)
  **** SW Build 2188600 on Wed Apr  4 18:40:38 MDT 2018
  **** IP Build 2185939 on Wed Apr  4 20:55:05 MDT 2018
    ** Copyright 1986-2018 Xilinx, Inc. All Rights Reserved.

source D:/CPU_pipeline2/CPU_pipeline2.sim/sim_1/behav/xsim/xsim.dir/CPU_sim_behav/webtalk/xsim_webtalk.tcl -notrace
INFO: [Common 17-206] Exiting Webtalk at Sun Dec  4 13:45:31 2022...
run_program: Time (s): cpu = 00:00:01 ; elapsed = 00:00:13 . Memory (MB): peak = 997.637 ; gain = 0.227
INFO: [USF-XSim-69] 'elaborate' step finished in '13' seconds
INFO: [USF-XSim-4] XSim::Simulate design
INFO: [USF-XSim-61] Executing 'SIMULATE' step in 'D:/CPU_pipeline2/CPU_pipeline2.sim/sim_1/behav/xsim'
INFO: [USF-XSim-98] *** Running xsim
   with args "CPU_sim_behav -key {Behavioral:sim_1:Functional:CPU_sim} -tclbatch {CPU_sim.tcl} -log {simulate.log}"
INFO: [USF-XSim-8] Loading simulator feature
Vivado Simulator 2018.1
Time resolution is 1 ps
source CPU_sim.tcl
# set curr_wave [current_wave_config]
# if { [string length $curr_wave] == 0 } {
#   if { [llength [get_objects]] > 0} {
#     add_wave /
#     set_property needs_save false [current_wave_config]
#   } else {
#      send_msg_id Add_Wave-1 WARNING "No top level signals found. Simulator will start without a wave window. If you want to open a wave window go to 'File->New Waveform Configuration' or type 'create_wave_config' in the TCL console."
#   }
# }
# run 1000ns
INFO: [USF-XSim-96] XSim completed. Design snapshot 'CPU_sim_behav' loaded.
INFO: [USF-XSim-97] XSim simulation ran for 1000ns
launch_simulation: Time (s): cpu = 00:00:08 ; elapsed = 00:00:22 . Memory (MB): peak = 1022.664 ; gain = 27.820
run 10 us
close_sim
INFO: [Simtcl 6-16] Simulation closed
close_sim: Time (s): cpu = 00:00:06 ; elapsed = 00:00:12 . Memory (MB): peak = 1028.570 ; gain = 0.000
exit
INFO: [Common 17-206] Exiting Vivado at Sun Dec  4 13:46:09 2022...
