#-----------------------------------------------------------
# Vivado v2018.1 (64-bit)
# SW Build 2188600 on Wed Apr  4 18:40:38 MDT 2018
# IP Build 2185939 on Wed Apr  4 20:55:05 MDT 2018
# Start of session at: Thu Dec 15 16:57:06 2022
# Process ID: 49712
# Current directory: D:/project_5
# Command line: vivado.exe -gui_launcher_event rodinguilauncherevent41972 D:\project_5\project_5.xpr
# Log file: D:/project_5/vivado.log
# Journal file: D:/project_5\vivado.jou
#-----------------------------------------------------------
start_gui
open_project D:/project_5/project_5.xpr
Scanning sources...
Finished scanning sources
INFO: [IP_Flow 19-234] Refreshing IP repositories
INFO: [IP_Flow 19-1704] No user IP repositories specified
INFO: [IP_Flow 19-2313] Loaded Vivado IP repository 'D:/Vivado/2018.1/data/ip'.
open_project: Time (s): cpu = 00:00:21 ; elapsed = 00:00:13 . Memory (MB): peak = 880.223 ; gain = 127.590
update_compile_order -fileset sources_1
exit
INFO: [Common 17-206] Exiting Vivado at Thu Dec 15 16:58:04 2022...
