#-----------------------------------------------------------
# Vivado v2018.1 (64-bit)
# SW Build 2188600 on Wed Apr  4 18:40:38 MDT 2018
# IP Build 2185939 on Wed Apr  4 20:55:05 MDT 2018
# Start of session at: Mon Nov 21 20:27:33 2022
# Process ID: 28296
# Current directory: D:/CPU_single_circle3
# Command line: vivado.exe -gui_launcher_event rodinguilauncherevent35756 D:\CPU_single_circle3\CPU_single_circle3.xpr
# Log file: D:/CPU_single_circle3/vivado.log
# Journal file: D:/CPU_single_circle3\vivado.jou
#-----------------------------------------------------------
start_gui
open_project D:/CPU_single_circle3/CPU_single_circle3.xpr
Scanning sources...
Finished scanning sources
INFO: [IP_Flow 19-234] Refreshing IP repositories
INFO: [IP_Flow 19-1704] No user IP repositories specified
INFO: [IP_Flow 19-2313] Loaded Vivado IP repository 'D:/Vivado/2018.1/data/ip'.
open_project: Time (s): cpu = 00:00:11 ; elapsed = 00:00:07 . Memory (MB): peak = 854.055 ; gain = 111.211
exit
INFO: [Common 17-206] Exiting Vivado at Mon Nov 21 20:27:59 2022...
