INFO: [VRFC 10-2263] Analyzing Verilog file "D:/CPU_pipeline1/CPU_pipeline1.srcs/sources_1/new/ALU.v" into library xil_defaultlib
INFO: [VRFC 10-311] analyzing module ALU
INFO: [VRFC 10-2458] undeclared symbol zero, assumed default net type wire [D:/CPU_pipeline1/CPU_pipeline1.srcs/sources_1/new/ALU.v:27]
INFO: [VRFC 10-2263] Analyzing Verilog file "D:/CPU_pipeline1/CPU_pipeline1.srcs/sources_1/new/ALUControl.v" into library xil_defaultlib
INFO: [VRFC 10-311] analyzing module ALUControl
INFO: [VRFC 10-2263] Analyzing Verilog file "D:/CPU_pipeline1/CPU_pipeline1.srcs/sources_1/new/CPU.v" into library xil_defaultlib
INFO: [VRFC 10-311] analyzing module CPU
INFO: [VRFC 10-2263] Analyzing Verilog file "D:/CPU_pipeline1/CPU_pipeline1.srcs/sources_1/new/Control.v" into library xil_defaultlib
INFO: [VRFC 10-311] analyzing module Control
INFO: [VRFC 10-2263] Analyzing Verilog file "D:/CPU_pipeline1/CPU_pipeline1.srcs/sources_1/new/DataMem.v" into library xil_defaultlib
INFO: [VRFC 10-311] analyzing module DataMem
INFO: [VRFC 10-2263] Analyzing Verilog file "D:/CPU_pipeline1/CPU_pipeline1.srcs/sources_1/new/EXMEM_Registers.v" into library xil_defaultlib
INFO: [VRFC 10-311] analyzing module EXMEM_Registers
INFO: [VRFC 10-2263] Analyzing Verilog file "D:/CPU_pipeline1/CPU_pipeline1.srcs/sources_1/new/IDEX_Registers.v" into library xil_defaultlib
INFO: [VRFC 10-311] analyzing module IDEX_Registers
INFO: [VRFC 10-2263] Analyzing Verilog file "D:/CPU_pipeline1/CPU_pipeline1.srcs/sources_1/new/IFID_Registers.v" into library xil_defaultlib
INFO: [VRFC 10-311] analyzing module IFID_Registers
INFO: [VRFC 10-2263] Analyzing Verilog file "D:/CPU_pipeline1/CPU_pipeline1.srcs/sources_1/new/InsMem.v" into library xil_defaultlib
INFO: [VRFC 10-311] analyzing module InsMem
INFO: [VRFC 10-2263] Analyzing Verilog file "D:/CPU_pipeline1/CPU_pipeline1.srcs/sources_1/new/MEMWB_Registers.v" into library xil_defaultlib
INFO: [VRFC 10-311] analyzing module MEMWB_Registers
INFO: [VRFC 10-2263] Analyzing Verilog file "D:/CPU_pipeline1/CPU_pipeline1.srcs/sources_1/new/Mulx.v" into library xil_defaultlib
INFO: [VRFC 10-311] analyzing module Mulx
INFO: [VRFC 10-2263] Analyzing Verilog file "D:/CPU_pipeline1/CPU_pipeline1.srcs/sources_1/new/PC.v" into library xil_defaultlib
INFO: [VRFC 10-311] analyzing module PC
INFO: [VRFC 10-2263] Analyzing Verilog file "D:/CPU_pipeline1/CPU_pipeline1.srcs/sources_1/new/PCAdder4.v" into library xil_defaultlib
INFO: [VRFC 10-311] analyzing module PCAdder4
INFO: [VRFC 10-2263] Analyzing Verilog file "D:/CPU_pipeline1/CPU_pipeline1.srcs/sources_1/new/Registers.v" into library xil_defaultlib
INFO: [VRFC 10-311] analyzing module Registers
INFO: [VRFC 10-2263] Analyzing Verilog file "D:/CPU_pipeline1/CPU_pipeline1.srcs/sim_1/new/CPU_sim.v" into library xil_defaultlib
INFO: [VRFC 10-311] analyzing module CPU_sim
