#-----------------------------------------------------------
# Vivado v2018.1 (64-bit)
# SW Build 2188600 on Wed Apr  4 18:40:38 MDT 2018
# IP Build 2185939 on Wed Apr  4 20:55:05 MDT 2018
# Start of session at: Wed Nov  9 20:32:04 2022
# Process ID: 26012
# Current directory: D:/xiandeshiyan/experiment_add_mul
# Command line: vivado.exe -gui_launcher_event rodinguilauncherevent19412 D:\xiandeshiyan\experiment_add_mul\experiment_add_mul.xpr
# Log file: D:/xiandeshiyan/experiment_add_mul/vivado.log
# Journal file: D:/xiandeshiyan/experiment_add_mul\vivado.jou
#-----------------------------------------------------------
start_gui
open_project D:/xiandeshiyan/experiment_add_mul/experiment_add_mul.xpr
INFO: [Project 1-313] Project file moved from 'C:/Users/86191/Desktop/project_3_5/experiment_add_mul' since last save.
Scanning sources...
Finished scanning sources
CRITICAL WARNING: [Project 1-505] Unrecognized Option Name MEMEnableMemoryMapGeneration
INFO: [IP_Flow 19-234] Refreshing IP repositories
INFO: [IP_Flow 19-1700] Loaded user IP repository 'd:/add'.
INFO: [IP_Flow 19-2313] Loaded Vivado IP repository 'D:/Vivado/2018.1/data/ip'.
WARNING: [IP_Flow 19-2162] IP 'gate_0' is locked:
* Project containing IP 'gate_0' is read-only.
Please select 'Report IP Status' from the 'Tools/Report' menu or run Tcl command 'report_ip_status' for more information.
WARNING: [Project 1-231] Project 'experiment_add_mul.xpr' was created with a future version and may or may not perform reliably with this version of Vivado. It has been opened in read-only mode for the protection of unrecognized data. Use 'File | Save Project As...' if you wish to alter a copy of the project.
open_project: Time (s): cpu = 00:00:12 ; elapsed = 00:00:09 . Memory (MB): peak = 862.750 ; gain = 110.660
update_compile_order -fileset sources_1
exit
INFO: [Common 17-206] Exiting Vivado at Thu Nov 10 17:25:38 2022...
