#-----------------------------------------------------------
# Vivado v2018.1 (64-bit)
# SW Build 2188600 on Wed Apr  4 18:40:38 MDT 2018
# IP Build 2185939 on Wed Apr  4 20:55:05 MDT 2018
# Start of session at: Fri Jan 20 19:39:58 2023
# Process ID: 816
# Current directory: D:/PipelineCPU
# Command line: vivado.exe -gui_launcher_event rodinguilauncherevent16980 D:\PipelineCPU\PipelineCPU.xpr
# Log file: D:/PipelineCPU/vivado.log
# Journal file: D:/PipelineCPU\vivado.jou
#-----------------------------------------------------------
start_gui
open_project D:/PipelineCPU/PipelineCPU.xpr
INFO: [Project 1-313] Project file moved from 'D:/Vivado/PipelineCPU' since last save.
Scanning sources...
Finished scanning sources
CRITICAL WARNING: [Project 1-505] Unrecognized Option Name MEMEnableMemoryMapGeneration
WARNING: [Project 1-231] Project 'PipelineCPU.xpr' was created with a future version and may or may not perform reliably with this version of Vivado. It has been opened in read-only mode for the protection of unrecognized data. Use 'File | Save Project As...' if you wish to alter a copy of the project.
INFO: [IP_Flow 19-234] Refreshing IP repositories
INFO: [IP_Flow 19-1704] No user IP repositories specified
INFO: [IP_Flow 19-2313] Loaded Vivado IP repository 'D:/Vivado/2018.1/data/ip'.
open_project: Time (s): cpu = 00:00:15 ; elapsed = 00:00:10 . Memory (MB): peak = 874.547 ; gain = 144.508
update_compile_order -fileset sources_1
exit
INFO: [Common 17-206] Exiting Vivado at Sun Jan 22 11:15:22 2023...
