Vivado Simulator 2018.1
Copyright 1986-1999, 2001-2017 Xilinx, Inc. All Rights Reserved.
Running: D:/Vivado/2018.1/bin/unwrapped/win64.o/xelab.exe -wto 864285a975a04d93945165a429f839d6 --incr --debug typical --relax --mt 2 -L xil_defaultlib -L unisims_ver -L unimacro_ver -L secureip --snapshot CPU_sim_behav xil_defaultlib.CPU_sim xil_defaultlib.glbl -log elaborate.log 
Using 2 slave threads.
Starting static elaboration
Completed static elaboration
Starting simulation data flow analysis
Completed simulation data flow analysis
Time Resolution for simulation is 1ps
Compiling module xil_defaultlib.Mulx
Compiling module xil_defaultlib.PC
Compiling module xil_defaultlib.PCAdd4
Compiling module xil_defaultlib.InsMem
Compiling module xil_defaultlib.Control
Compiling module xil_defaultlib.ALUControl
Compiling module xil_defaultlib.Registers
Compiling module xil_defaultlib.ALU
Compiling module xil_defaultlib.DataMem
Compiling module xil_defaultlib.CPU
Compiling module xil_defaultlib.CPU_sim
Compiling module xil_defaultlib.glbl
Built simulation snapshot CPU_sim_behav
